This file contains any messages produced by compilers while
running configure, to aid debugging if configure makes a mistake.

It was created by configure, which was
generated by GNU Autoconf 2.69.  Invocation command line was

  $ ./configure CFLAGS=-I/z/Lander/Libs/libpng-1.6.23 -O3 LDFLAGS=-L/z/lander/libs/SDL2-2.0.4-prebuilt/i686-w64-mingw32/lib -L/z/lander/libs/libpng-1.6.23/ -static -s LIBS=-lmingw32 -lSDL2main -lSDL2 -lm -ldinput8 -ldxguid -ldxerr8 -luser32 -lgdi32 -lwinmm -limm32 -lole32 -loleaut32 -lshell32 -lversion -luuid --disable-png-shared --with-sdl-prefix=/z/lander/libs/SDL2-2.0.4-prebuilt/i686-w64-mingw32

## --------- ##
## Platform. ##
## --------- ##

hostname = HolyBlackCat-PC
uname -m = i686
uname -r = 1.0.18(0.48/3/2)
uname -s = MINGW32_NT-6.1
uname -v = 2012-11-21 22:34

/usr/bin/uname -p = unknown
/bin/uname -X     = unknown

/bin/arch              = unknown
/usr/bin/arch -k       = unknown
/usr/convex/getsysinfo = unknown
/usr/bin/hostinfo      = unknown
/bin/machine           = unknown
/usr/bin/oslevel       = unknown
/bin/universe          = unknown

PATH: .
PATH: /usr/local/bin
PATH: /mingw/bin
PATH: /bin
PATH: /c/ProgramData/Oracle/Java/javapath
PATH: /c/Program Files (x86)/NVIDIA Corporation/PhysX/Common
PATH: /c/Windows/system32
PATH: /c/Windows
PATH: /c/Windows/System32/Wbem
PATH: /c/Windows/System32/WindowsPowerShell/v1.0/
PATH: /c/Program Files (x86)/ATI Technologies/ATI.ACE/Core-Static
PATH: /z/Lander/MinGW-w64/bin
PATH: /c/Program Files/TortoiseSVN/bin
PATH: /y/android-sdk/tools
PATH: /y/android-sdk/platform-tools
PATH: /y/android-ndk
PATH: /y/apache-ant/bin
PATH: /z/Lander/cmake/bin
PATH: /c/Program Files (x86)/Skype/Phone/
PATH: /c/Program Files (x86)/FontForgeBuilds/bin/
PATH: /z/Lander/Libs/libpng-1.6.23
PATH: /z/Lander/Libs/SDL2-2.0.4-prebuilt/i686-w64-mingw32


## ----------- ##
## Core tests. ##
## ----------- ##

configure:2547: checking build system type
configure:2561: result: i686-pc-mingw32
configure:2581: checking host system type
configure:2594: result: i686-pc-mingw32
configure:2662: checking for gcc
configure:2678: found /z/Lander/MinGW-w64/bin/gcc
configure:2689: result: gcc
configure:2918: checking for C compiler version
configure:2927: gcc --version >&5
gcc.exe (i686-posix-dwarf-rev0, Built by MinGW-W64 project) 5.3.0
Copyright (C) 2015 Free Software Foundation, Inc.
This is free software; see the source for copying conditions.  There is NO
warranty; not even for MERCHANTABILITY or FITNESS FOR A PARTICULAR PURPOSE.

configure:2938: $? = 0
configure:2927: gcc -v >&5
Using built-in specs.
COLLECT_GCC=z:\Lander\MinGW-w64\bin\gcc.exe
COLLECT_LTO_WRAPPER=z:/Lander/MinGW-w64/bin/../libexec/gcc/i686-w64-mingw32/5.3.0/lto-wrapper.exe
Target: i686-w64-mingw32
Configured with: ../../../src/gcc-5.3.0/configure --host=i686-w64-mingw32 --build=i686-w64-mingw32 --target=i686-w64-mingw32 --prefix=/mingw32 --with-sysroot=/c/mingw530/i686-530-posix-dwarf-rt_v4-rev0/mingw32 --with-gxx-include-dir=/mingw32/i686-w64-mingw32/include/c++ --enable-shared --enable-static --disable-multilib --enable-languages=c,c++,fortran,lto --enable-libstdcxx-time=yes --enable-threads=posix --enable-libgomp --enable-libatomic --enable-lto --enable-graphite --enable-checking=release --enable-fully-dynamic-string --enable-version-specific-runtime-libs --disable-sjlj-exceptions --with-dwarf2 --disable-isl-version-check --disable-libstdcxx-pch --disable-libstdcxx-debug --enable-bootstrap --disable-rpath --disable-win32-registry --disable-nls --disable-werror --disable-symvers --with-gnu-as --with-gnu-ld --with-arch=i686 --with-tune=generic --with-libiconv --with-system-zlib --with-gmp=/c/mingw530/prerequisites/i686-w64-mingw32-static --with-mpfr=/c/mingw530/prerequisites/i686-w64-mingw32-static --with-mpc=/c/mingw530/prerequisites/i686-w64-mingw32-static --with-isl=/c/mingw530/prerequisites/i686-w64-mingw32-static --with-pkgversion='i686-posix-dwarf-rev0, Built by MinGW-W64 project' --with-bugurl=http://sourceforge.net/projects/mingw-w64 CFLAGS='-O2 -pipe -I/c/mingw530/i686-530-posix-dwarf-rt_v4-rev0/mingw32/opt/include -I/c/mingw530/prerequisites/i686-zlib-static/include -I/c/mingw530/prerequisites/i686-w64-mingw32-static/include' CXXFLAGS='-O2 -pipe -I/c/mingw530/i686-530-posix-dwarf-rt_v4-rev0/mingw32/opt/include -I/c/mingw530/prerequisites/i686-zlib-static/include -I/c/mingw530/prerequisites/i686-w64-mingw32-static/include' CPPFLAGS= LDFLAGS='-pipe -L/c/mingw530/i686-530-posix-dwarf-rt_v4-rev0/mingw32/opt/lib -L/c/mingw530/prerequisites/i686-zlib-static/lib -L/c/mingw530/prerequisites/i686-w64-mingw32-static/lib -Wl,--large-address-aware'
Thread model: posix
gcc version 5.3.0 (i686-posix-dwarf-rev0, Built by MinGW-W64 project) 
configure:2938: $? = 0
configure:2927: gcc -V >&5
gcc.exe: error: unrecognized command line option '-V'
gcc.exe: fatal error: no input files
compilation terminated.
configure:2938: $? = 1
configure:2927: gcc -qversion >&5
gcc.exe: error: unrecognized command line option '-qversion'
gcc.exe: fatal error: no input files
compilation terminated.
configure:2938: $? = 1
configure:2958: checking whether the C compiler works
configure:2980: gcc -I/z/Lander/Libs/libpng-1.6.23 -O3  -L/z/lander/libs/SDL2-2.0.4-prebuilt/i686-w64-mingw32/lib -L/z/lander/libs/libpng-1.6.23/ -static -s conftest.c -lmingw32 -lSDL2main -lSDL2 -lm -ldinput8 -ldxguid -ldxerr8 -luser32 -lgdi32 -lwinmm -limm32 -lole32 -loleaut32 -lshell32 -lversion -luuid >&5
configure:2984: $? = 0
configure:3032: result: yes
configure:3035: checking for C compiler default output file name
configure:3037: result: a.exe
configure:3043: checking for suffix of executables
configure:3050: gcc -o conftest.exe -I/z/Lander/Libs/libpng-1.6.23 -O3  -L/z/lander/libs/SDL2-2.0.4-prebuilt/i686-w64-mingw32/lib -L/z/lander/libs/libpng-1.6.23/ -static -s conftest.c -lmingw32 -lSDL2main -lSDL2 -lm -ldinput8 -ldxguid -ldxerr8 -luser32 -lgdi32 -lwinmm -limm32 -lole32 -loleaut32 -lshell32 -lversion -luuid >&5
configure:3054: $? = 0
configure:3076: result: .exe
configure:3098: checking whether we are cross compiling
configure:3106: gcc -o conftest.exe -I/z/Lander/Libs/libpng-1.6.23 -O3  -L/z/lander/libs/SDL2-2.0.4-prebuilt/i686-w64-mingw32/lib -L/z/lander/libs/libpng-1.6.23/ -static -s conftest.c -lmingw32 -lSDL2main -lSDL2 -lm -ldinput8 -ldxguid -ldxerr8 -luser32 -lgdi32 -lwinmm -limm32 -lole32 -loleaut32 -lshell32 -lversion -luuid >&5
configure:3110: $? = 0
configure:3117: ./conftest.exe
configure:3121: $? = 0
configure:3136: result: no
configure:3141: checking for suffix of object files
configure:3163: gcc -c -I/z/Lander/Libs/libpng-1.6.23 -O3  conftest.c >&5
configure:3167: $? = 0
configure:3188: result: o
configure:3192: checking whether we are using the GNU C compiler
configure:3211: gcc -c -I/z/Lander/Libs/libpng-1.6.23 -O3  conftest.c >&5
configure:3211: $? = 0
configure:3220: result: yes
configure:3229: checking whether gcc accepts -g
configure:3249: gcc -c -g  conftest.c >&5
configure:3249: $? = 0
configure:3290: result: yes
configure:3307: checking for gcc option to accept ISO C89
configure:3370: gcc  -c -I/z/Lander/Libs/libpng-1.6.23 -O3  conftest.c >&5
configure:3370: $? = 0
configure:3383: result: none needed
configure:3403: checking for a sed that does not truncate output
configure:3467: result: /bin/sed
configure:3485: checking for grep that handles long lines and -e
configure:3543: result: /bin/grep
configure:3548: checking for egrep
configure:3610: result: /bin/grep -E
configure:3615: checking for fgrep
configure:3677: result: /bin/grep -F
configure:3712: checking for ld used by gcc
configure:3779: result: z:/Lander/MinGW-w64/i686-w64-mingw32/bin/ld.exe
configure:3786: checking if the linker (z:/Lander/MinGW-w64/i686-w64-mingw32/bin/ld.exe) is GNU ld
configure:3801: result: yes
configure:3813: checking for BSD- or MS-compatible name lister (nm)
configure:3862: result: /z/Lander/MinGW-w64/bin/nm -B
configure:3980: checking the name lister (/z/Lander/MinGW-w64/bin/nm -B) interface
configure:3987: gcc -c -I/z/Lander/Libs/libpng-1.6.23 -O3  conftest.c >&5
configure:3990: /z/Lander/MinGW-w64/bin/nm -B "conftest.o"
configure:3993: output
00000000 b .bss
00000000 d .data
00000000 r .rdata$zzz
00000000 t .text
00000000 B _some_variable
configure:4000: result: BSD nm
configure:4003: checking whether ln -s works
configure:4010: result: no, using cp -pR
configure:4015: checking the maximum length of command line arguments
configure:4141: result: 8192
configure:4158: checking whether the shell understands some XSI constructs
configure:4168: result: yes
configure:4172: checking whether the shell understands "+="
configure:4178: result: yes
configure:4213: checking for z:/Lander/MinGW-w64/i686-w64-mingw32/bin/ld.exe option to reload object files
configure:4220: result: -r
configure:4289: checking for objdump
configure:4305: found /z/Lander/MinGW-w64/bin/objdump
configure:4316: result: objdump
configure:4345: checking how to recognize dependent libraries
configure:4543: result: pass_all
configure:4603: checking for ar
configure:4619: found /z/Lander/MinGW-w64/bin/ar
configure:4630: result: ar
configure:4708: checking for strip
configure:4724: found /z/Lander/MinGW-w64/bin/strip
configure:4735: result: strip
configure:4807: checking for ranlib
configure:4823: found /z/Lander/MinGW-w64/bin/ranlib
configure:4834: result: ranlib
configure:4924: checking command to parse /z/Lander/MinGW-w64/bin/nm -B output from gcc object
configure:5042: gcc -c -I/z/Lander/Libs/libpng-1.6.23 -O3  conftest.c >&5
configure:5045: $? = 0
configure:5049: /z/Lander/MinGW-w64/bin/nm -B conftest.o \| sed -n -e 's/^.*[	 ]\([ABCDGIRSTW][ABCDGIRSTW]*\)[	 ][	 ]*\([_A-Za-z][_A-Za-z0-9]*\)\{0,1\}$/\1 \2 \2/p' \> conftest.nm
configure:5052: $? = 0
cannot find nm_test_var in conftest.nm
configure:5042: gcc -c -I/z/Lander/Libs/libpng-1.6.23 -O3  conftest.c >&5
configure:5045: $? = 0
configure:5049: /z/Lander/MinGW-w64/bin/nm -B conftest.o \| sed -n -e 's/^.*[	 ]\([ABCDGIRSTW][ABCDGIRSTW]*\)[	 ][	 ]*_\([_A-Za-z][_A-Za-z0-9]*\)\{0,1\}$/\1 _\2 \2/p' \> conftest.nm
configure:5052: $? = 0
configure:5106: gcc -o conftest.exe -I/z/Lander/Libs/libpng-1.6.23 -O3  -L/z/lander/libs/SDL2-2.0.4-prebuilt/i686-w64-mingw32/lib -L/z/lander/libs/libpng-1.6.23/ -static -s conftest.c conftstm.o >&5
configure:5109: $? = 0
configure:5147: result: ok
configure:5956: checking how to run the C preprocessor
configure:5987: gcc -E  conftest.c
configure:5987: $? = 0
configure:6001: gcc -E  conftest.c
conftest.c:9:28: fatal error: ac_nonexistent.h: No such file or directory
compilation terminated.
configure:6001: $? = 1
configure: failed program was:
| /* confdefs.h */
| #define PACKAGE_NAME ""
| #define PACKAGE_TARNAME ""
| #define PACKAGE_VERSION ""
| #define PACKAGE_STRING ""
| #define PACKAGE_BUGREPORT ""
| #define PACKAGE_URL ""
| /* end confdefs.h.  */
| #include <ac_nonexistent.h>
configure:6026: result: gcc -E
configure:6046: gcc -E  conftest.c
configure:6046: $? = 0
configure:6060: gcc -E  conftest.c
conftest.c:9:28: fatal error: ac_nonexistent.h: No such file or directory
compilation terminated.
configure:6060: $? = 1
configure: failed program was:
| /* confdefs.h */
| #define PACKAGE_NAME ""
| #define PACKAGE_TARNAME ""
| #define PACKAGE_VERSION ""
| #define PACKAGE_STRING ""
| #define PACKAGE_BUGREPORT ""
| #define PACKAGE_URL ""
| /* end confdefs.h.  */
| #include <ac_nonexistent.h>
configure:6089: checking for ANSI C header files
configure:6109: gcc -c -I/z/Lander/Libs/libpng-1.6.23 -O3  conftest.c >&5
configure:6109: $? = 0
configure:6182: gcc -o conftest.exe -I/z/Lander/Libs/libpng-1.6.23 -O3  -L/z/lander/libs/SDL2-2.0.4-prebuilt/i686-w64-mingw32/lib -L/z/lander/libs/libpng-1.6.23/ -static -s conftest.c -lmingw32 -lSDL2main -lSDL2 -lm -ldinput8 -ldxguid -ldxerr8 -luser32 -lgdi32 -lwinmm -limm32 -lole32 -loleaut32 -lshell32 -lversion -luuid >&5
configure:6182: $? = 0
configure:6182: ./conftest.exe
configure:6182: $? = 0
configure:6193: result: yes
configure:6206: checking for sys/types.h
configure:6206: gcc -c -I/z/Lander/Libs/libpng-1.6.23 -O3  conftest.c >&5
configure:6206: $? = 0
configure:6206: result: yes
configure:6206: checking for sys/stat.h
configure:6206: gcc -c -I/z/Lander/Libs/libpng-1.6.23 -O3  conftest.c >&5
configure:6206: $? = 0
configure:6206: result: yes
configure:6206: checking for stdlib.h
configure:6206: gcc -c -I/z/Lander/Libs/libpng-1.6.23 -O3  conftest.c >&5
configure:6206: $? = 0
configure:6206: result: yes
configure:6206: checking for string.h
configure:6206: gcc -c -I/z/Lander/Libs/libpng-1.6.23 -O3  conftest.c >&5
configure:6206: $? = 0
configure:6206: result: yes
configure:6206: checking for memory.h
configure:6206: gcc -c -I/z/Lander/Libs/libpng-1.6.23 -O3  conftest.c >&5
configure:6206: $? = 0
configure:6206: result: yes
configure:6206: checking for strings.h
configure:6206: gcc -c -I/z/Lander/Libs/libpng-1.6.23 -O3  conftest.c >&5
configure:6206: $? = 0
configure:6206: result: yes
configure:6206: checking for inttypes.h
configure:6206: gcc -c -I/z/Lander/Libs/libpng-1.6.23 -O3  conftest.c >&5
configure:6206: $? = 0
configure:6206: result: yes
configure:6206: checking for stdint.h
configure:6206: gcc -c -I/z/Lander/Libs/libpng-1.6.23 -O3  conftest.c >&5
configure:6206: $? = 0
configure:6206: result: yes
configure:6206: checking for unistd.h
configure:6206: gcc -c -I/z/Lander/Libs/libpng-1.6.23 -O3  conftest.c >&5
configure:6206: $? = 0
configure:6206: result: yes
configure:6220: checking for dlfcn.h
configure:6220: gcc -c -I/z/Lander/Libs/libpng-1.6.23 -O3  conftest.c >&5
conftest.c:53:19: fatal error: dlfcn.h: No such file or directory
compilation terminated.
configure:6220: $? = 1
configure: failed program was:
| /* confdefs.h */
| #define PACKAGE_NAME ""
| #define PACKAGE_TARNAME ""
| #define PACKAGE_VERSION ""
| #define PACKAGE_STRING ""
| #define PACKAGE_BUGREPORT ""
| #define PACKAGE_URL ""
| #define STDC_HEADERS 1
| #define HAVE_SYS_TYPES_H 1
| #define HAVE_SYS_STAT_H 1
| #define HAVE_STDLIB_H 1
| #define HAVE_STRING_H 1
| #define HAVE_MEMORY_H 1
| #define HAVE_STRINGS_H 1
| #define HAVE_INTTYPES_H 1
| #define HAVE_STDINT_H 1
| #define HAVE_UNISTD_H 1
| /* end confdefs.h.  */
| #include <stdio.h>
| #ifdef HAVE_SYS_TYPES_H
| # include <sys/types.h>
| #endif
| #ifdef HAVE_SYS_STAT_H
| # include <sys/stat.h>
| #endif
| #ifdef STDC_HEADERS
| # include <stdlib.h>
| # include <stddef.h>
| #else
| # ifdef HAVE_STDLIB_H
| #  include <stdlib.h>
| # endif
| #endif
| #ifdef HAVE_STRING_H
| # if !defined STDC_HEADERS && defined HAVE_MEMORY_H
| #  include <memory.h>
| # endif
| # include <string.h>
| #endif
| #ifdef HAVE_STRINGS_H
| # include <strings.h>
| #endif
| #ifdef HAVE_INTTYPES_H
| # include <inttypes.h>
| #endif
| #ifdef HAVE_STDINT_H
| # include <stdint.h>
| #endif
| #ifdef HAVE_UNISTD_H
| # include <unistd.h>
| #endif
| 
| #include <dlfcn.h>
configure:6220: result: no
configure:6281: checking for as
configure:6297: found /z/Lander/MinGW-w64/bin/as
configure:6308: result: as
configure:6373: checking for dlltool
configure:6389: found /z/Lander/MinGW-w64/bin/dlltool
configure:6400: result: dlltool
configure:6465: checking for objdump
configure:6492: result: objdump
configure:6702: checking for objdir
configure:6717: result: .libs
configure:7013: checking if gcc supports -fno-rtti -fno-exceptions
configure:7031: gcc -c -I/z/Lander/Libs/libpng-1.6.23 -O3  -fno-rtti -fno-exceptions conftest.c >&5
cc1.exe: warning: command line option '-fno-rtti' is valid for C++/ObjC++ but not for C
configure:7035: $? = 0
configure:7048: result: no
configure:7068: checking for gcc option to produce PIC
configure:7340: result: -DDLL_EXPORT -DPIC
configure:7352: checking if gcc PIC flag -DDLL_EXPORT -DPIC works
configure:7370: gcc -c -I/z/Lander/Libs/libpng-1.6.23 -O3  -DDLL_EXPORT -DPIC -DPIC conftest.c >&5
configure:7374: $? = 0
configure:7387: result: yes
configure:7411: checking if gcc static flag -static works
configure:7439: result: yes
configure:7454: checking if gcc supports -c -o file.o
configure:7475: gcc -c -I/z/Lander/Libs/libpng-1.6.23 -O3  -o out/conftest2.o conftest.c >&5
configure:7479: $? = 0
configure:7501: result: yes
configure:7509: checking if gcc supports -c -o file.o
configure:7556: result: yes
configure:7589: checking whether the gcc linker (z:/Lander/MinGW-w64/i686-w64-mingw32/bin/ld.exe) supports shared libraries
configure:8575: result: yes
configure:8612: checking whether -lc should be explicitly linked in
configure:8617: gcc -c -I/z/Lander/Libs/libpng-1.6.23 -O3  conftest.c >&5
configure:8620: $? = 0
configure:8635: gcc -shared conftest.o  -v -o ./conftest -Wl,--enable-auto-image-base -Xlinker --out-implib -Xlinker conftest 2\>\&1 \| /bin/grep  -lc  \>/dev/null 2\>\&1
configure:8638: $? = 1
configure:8650: result: yes
configure:8814: checking dynamic linker characteristics
configure:9467: result: Win32 ld.exe
configure:9569: checking how to hardcode library paths into programs
configure:9594: result: immediate
configure:10114: checking whether stripping libraries is possible
configure:10119: result: yes
configure:10154: checking if libtool supports shared libraries
configure:10156: result: yes
configure:10159: checking whether to build shared libraries
configure:10180: result: yes
configure:10183: checking whether to build static libraries
configure:10187: result: yes
configure:10251: checking for a BSD-compatible install
configure:10319: result: /bin/install -c
configure:10330: checking whether build environment is sane
configure:10385: result: yes
configure:10536: checking for a thread-safe mkdir -p
configure:10575: result: /bin/mkdir -p
configure:10582: checking for gawk
configure:10598: found /bin/gawk
configure:10609: result: gawk
configure:10620: checking whether make sets $(MAKE)
configure:10642: result: yes
configure:10672: checking for style of include used by make
configure:10700: result: GNU
configure:10734: checking whether make supports nested variables
configure:10751: result: yes
configure:10832: checking dependency style of gcc
configure:10943: result: gcc3
configure:11009: checking for gcc
configure:11036: result: gcc
configure:11265: checking for C compiler version
configure:11274: gcc --version >&5
gcc.exe (i686-posix-dwarf-rev0, Built by MinGW-W64 project) 5.3.0
Copyright (C) 2015 Free Software Foundation, Inc.
This is free software; see the source for copying conditions.  There is NO
warranty; not even for MERCHANTABILITY or FITNESS FOR A PARTICULAR PURPOSE.

configure:11285: $? = 0
configure:11274: gcc -v >&5
Using built-in specs.
COLLECT_GCC=z:\Lander\MinGW-w64\bin\gcc.exe
COLLECT_LTO_WRAPPER=z:/Lander/MinGW-w64/bin/../libexec/gcc/i686-w64-mingw32/5.3.0/lto-wrapper.exe
Target: i686-w64-mingw32
Configured with: ../../../src/gcc-5.3.0/configure --host=i686-w64-mingw32 --build=i686-w64-mingw32 --target=i686-w64-mingw32 --prefix=/mingw32 --with-sysroot=/c/mingw530/i686-530-posix-dwarf-rt_v4-rev0/mingw32 --with-gxx-include-dir=/mingw32/i686-w64-mingw32/include/c++ --enable-shared --enable-static --disable-multilib --enable-languages=c,c++,fortran,lto --enable-libstdcxx-time=yes --enable-threads=posix --enable-libgomp --enable-libatomic --enable-lto --enable-graphite --enable-checking=release --enable-fully-dynamic-string --enable-version-specific-runtime-libs --disable-sjlj-exceptions --with-dwarf2 --disable-isl-version-check --disable-libstdcxx-pch --disable-libstdcxx-debug --enable-bootstrap --disable-rpath --disable-win32-registry --disable-nls --disable-werror --disable-symvers --with-gnu-as --with-gnu-ld --with-arch=i686 --with-tune=generic --with-libiconv --with-system-zlib --with-gmp=/c/mingw530/prerequisites/i686-w64-mingw32-static --with-mpfr=/c/mingw530/prerequisites/i686-w64-mingw32-static --with-mpc=/c/mingw530/prerequisites/i686-w64-mingw32-static --with-isl=/c/mingw530/prerequisites/i686-w64-mingw32-static --with-pkgversion='i686-posix-dwarf-rev0, Built by MinGW-W64 project' --with-bugurl=http://sourceforge.net/projects/mingw-w64 CFLAGS='-O2 -pipe -I/c/mingw530/i686-530-posix-dwarf-rt_v4-rev0/mingw32/opt/include -I/c/mingw530/prerequisites/i686-zlib-static/include -I/c/mingw530/prerequisites/i686-w64-mingw32-static/include' CXXFLAGS='-O2 -pipe -I/c/mingw530/i686-530-posix-dwarf-rt_v4-rev0/mingw32/opt/include -I/c/mingw530/prerequisites/i686-zlib-static/include -I/c/mingw530/prerequisites/i686-w64-mingw32-static/include' CPPFLAGS= LDFLAGS='-pipe -L/c/mingw530/i686-530-posix-dwarf-rt_v4-rev0/mingw32/opt/lib -L/c/mingw530/prerequisites/i686-zlib-static/lib -L/c/mingw530/prerequisites/i686-w64-mingw32-static/lib -Wl,--large-address-aware'
Thread model: posix
gcc version 5.3.0 (i686-posix-dwarf-rev0, Built by MinGW-W64 project) 
configure:11285: $? = 0
configure:11274: gcc -V >&5
gcc.exe: error: unrecognized command line option '-V'
gcc.exe: fatal error: no input files
compilation terminated.
configure:11285: $? = 1
configure:11274: gcc -qversion >&5
gcc.exe: error: unrecognized command line option '-qversion'
gcc.exe: fatal error: no input files
compilation terminated.
configure:11285: $? = 1
configure:11289: checking whether we are using the GNU C compiler
configure:11317: result: yes
configure:11326: checking whether gcc accepts -g
configure:11387: result: yes
configure:11404: checking for gcc option to accept ISO C89
configure:11480: result: none needed
configure:11554: checking for gcc
configure:11570: found /z/Lander/MinGW-w64/bin/gcc
configure:11581: result: gcc
configure:11606: checking for Objective C compiler version
configure:11615: gcc --version >&5
gcc.exe (i686-posix-dwarf-rev0, Built by MinGW-W64 project) 5.3.0
Copyright (C) 2015 Free Software Foundation, Inc.
This is free software; see the source for copying conditions.  There is NO
warranty; not even for MERCHANTABILITY or FITNESS FOR A PARTICULAR PURPOSE.

configure:11626: $? = 0
configure:11615: gcc -v >&5
Using built-in specs.
COLLECT_GCC=z:\Lander\MinGW-w64\bin\gcc.exe
COLLECT_LTO_WRAPPER=z:/Lander/MinGW-w64/bin/../libexec/gcc/i686-w64-mingw32/5.3.0/lto-wrapper.exe
Target: i686-w64-mingw32
Configured with: ../../../src/gcc-5.3.0/configure --host=i686-w64-mingw32 --build=i686-w64-mingw32 --target=i686-w64-mingw32 --prefix=/mingw32 --with-sysroot=/c/mingw530/i686-530-posix-dwarf-rt_v4-rev0/mingw32 --with-gxx-include-dir=/mingw32/i686-w64-mingw32/include/c++ --enable-shared --enable-static --disable-multilib --enable-languages=c,c++,fortran,lto --enable-libstdcxx-time=yes --enable-threads=posix --enable-libgomp --enable-libatomic --enable-lto --enable-graphite --enable-checking=release --enable-fully-dynamic-string --enable-version-specific-runtime-libs --disable-sjlj-exceptions --with-dwarf2 --disable-isl-version-check --disable-libstdcxx-pch --disable-libstdcxx-debug --enable-bootstrap --disable-rpath --disable-win32-registry --disable-nls --disable-werror --disable-symvers --with-gnu-as --with-gnu-ld --with-arch=i686 --with-tune=generic --with-libiconv --with-system-zlib --with-gmp=/c/mingw530/prerequisites/i686-w64-mingw32-static --with-mpfr=/c/mingw530/prerequisites/i686-w64-mingw32-static --with-mpc=/c/mingw530/prerequisites/i686-w64-mingw32-static --with-isl=/c/mingw530/prerequisites/i686-w64-mingw32-static --with-pkgversion='i686-posix-dwarf-rev0, Built by MinGW-W64 project' --with-bugurl=http://sourceforge.net/projects/mingw-w64 CFLAGS='-O2 -pipe -I/c/mingw530/i686-530-posix-dwarf-rt_v4-rev0/mingw32/opt/include -I/c/mingw530/prerequisites/i686-zlib-static/include -I/c/mingw530/prerequisites/i686-w64-mingw32-static/include' CXXFLAGS='-O2 -pipe -I/c/mingw530/i686-530-posix-dwarf-rt_v4-rev0/mingw32/opt/include -I/c/mingw530/prerequisites/i686-zlib-static/include -I/c/mingw530/prerequisites/i686-w64-mingw32-static/include' CPPFLAGS= LDFLAGS='-pipe -L/c/mingw530/i686-530-posix-dwarf-rt_v4-rev0/mingw32/opt/lib -L/c/mingw530/prerequisites/i686-zlib-static/lib -L/c/mingw530/prerequisites/i686-w64-mingw32-static/lib -Wl,--large-address-aware'
Thread model: posix
gcc version 5.3.0 (i686-posix-dwarf-rev0, Built by MinGW-W64 project) 
configure:11626: $? = 0
configure:11615: gcc -V >&5
gcc.exe: error: unrecognized command line option '-V'
gcc.exe: fatal error: no input files
compilation terminated.
configure:11626: $? = 1
configure:11615: gcc -qversion >&5
gcc.exe: error: unrecognized command line option '-qversion'
gcc.exe: fatal error: no input files
compilation terminated.
configure:11626: $? = 1
configure:11630: checking whether we are using the GNU Objective C compiler
configure:11649: gcc -c   conftest.m >&5
gcc.exe: error: conftest.m: Objective-C compiler not installed on this system
configure:11649: $? = 1
configure: failed program was:
| /* confdefs.h */
| #define PACKAGE_NAME ""
| #define PACKAGE_TARNAME ""
| #define PACKAGE_VERSION ""
| #define PACKAGE_STRING ""
| #define PACKAGE_BUGREPORT ""
| #define PACKAGE_URL ""
| #define STDC_HEADERS 1
| #define HAVE_SYS_TYPES_H 1
| #define HAVE_SYS_STAT_H 1
| #define HAVE_STDLIB_H 1
| #define HAVE_STRING_H 1
| #define HAVE_MEMORY_H 1
| #define HAVE_STRINGS_H 1
| #define HAVE_INTTYPES_H 1
| #define HAVE_STDINT_H 1
| #define HAVE_UNISTD_H 1
| #define LT_OBJDIR ".libs/"
| #define PACKAGE "SDL2_image"
| #define VERSION "2.0.1"
| /* end confdefs.h.  */
| 
| int
| main ()
| {
| #ifndef __GNUC__
|        choke me
| #endif
| 
|   ;
|   return 0;
| }
configure:11658: result: no
configure:11667: checking whether gcc accepts -g
configure:11687: gcc -c -g  conftest.m >&5
gcc.exe: error: conftest.m: Objective-C compiler not installed on this system
configure:11687: $? = 1
configure: failed program was:
| /* confdefs.h */
| #define PACKAGE_NAME ""
| #define PACKAGE_TARNAME ""
| #define PACKAGE_VERSION ""
| #define PACKAGE_STRING ""
| #define PACKAGE_BUGREPORT ""
| #define PACKAGE_URL ""
| #define STDC_HEADERS 1
| #define HAVE_SYS_TYPES_H 1
| #define HAVE_SYS_STAT_H 1
| #define HAVE_STDLIB_H 1
| #define HAVE_STRING_H 1
| #define HAVE_MEMORY_H 1
| #define HAVE_STRINGS_H 1
| #define HAVE_INTTYPES_H 1
| #define HAVE_STDINT_H 1
| #define HAVE_UNISTD_H 1
| #define LT_OBJDIR ".libs/"
| #define PACKAGE "SDL2_image"
| #define VERSION "2.0.1"
| /* end confdefs.h.  */
| 
| int
| main ()
| {
| 
|   ;
|   return 0;
| }
configure:11702: gcc -c   conftest.m >&5
gcc.exe: error: conftest.m: Objective-C compiler not installed on this system
configure:11702: $? = 1
configure: failed program was:
| /* confdefs.h */
| #define PACKAGE_NAME ""
| #define PACKAGE_TARNAME ""
| #define PACKAGE_VERSION ""
| #define PACKAGE_STRING ""
| #define PACKAGE_BUGREPORT ""
| #define PACKAGE_URL ""
| #define STDC_HEADERS 1
| #define HAVE_SYS_TYPES_H 1
| #define HAVE_SYS_STAT_H 1
| #define HAVE_STDLIB_H 1
| #define HAVE_STRING_H 1
| #define HAVE_MEMORY_H 1
| #define HAVE_STRINGS_H 1
| #define HAVE_INTTYPES_H 1
| #define HAVE_STDINT_H 1
| #define HAVE_UNISTD_H 1
| #define LT_OBJDIR ".libs/"
| #define PACKAGE "SDL2_image"
| #define VERSION "2.0.1"
| /* end confdefs.h.  */
| 
| int
| main ()
| {
| 
|   ;
|   return 0;
| }
configure:11718: gcc -c -g  conftest.m >&5
gcc.exe: error: conftest.m: Objective-C compiler not installed on this system
configure:11718: $? = 1
configure: failed program was:
| /* confdefs.h */
| #define PACKAGE_NAME ""
| #define PACKAGE_TARNAME ""
| #define PACKAGE_VERSION ""
| #define PACKAGE_STRING ""
| #define PACKAGE_BUGREPORT ""
| #define PACKAGE_URL ""
| #define STDC_HEADERS 1
| #define HAVE_SYS_TYPES_H 1
| #define HAVE_SYS_STAT_H 1
| #define HAVE_STDLIB_H 1
| #define HAVE_STRING_H 1
| #define HAVE_MEMORY_H 1
| #define HAVE_STRINGS_H 1
| #define HAVE_INTTYPES_H 1
| #define HAVE_STDINT_H 1
| #define HAVE_UNISTD_H 1
| #define LT_OBJDIR ".libs/"
| #define PACKAGE "SDL2_image"
| #define VERSION "2.0.1"
| /* end confdefs.h.  */
| 
| int
| main ()
| {
| 
|   ;
|   return 0;
| }
configure:11728: result: no
configure:11753: checking dependency style of gcc
configure:11862: result: gcc3
configure:11877: checking for inline
configure:11893: gcc -c -I/z/Lander/Libs/libpng-1.6.23 -O3  conftest.c >&5
configure:11893: $? = 0
configure:11901: result: inline
configure:11920: checking whether make sets $(MAKE)
configure:11942: result: yes
configure:11960: checking for windres
configure:11976: found /z/Lander/MinGW-w64/bin/windres
configure:11987: result: windres
configure:12121: checking for pkg-config
configure:12154: result: no
configure:12312: checking for sdl2-config
configure:12343: result: /z/lander/libs/SDL2-2.0.4-prebuilt/i686-w64-mingw32/bin/sdl2-config
configure:12352: checking for SDL - version >= 2.0.0
configure:12440: gcc -o conftest.exe -I/z/Lander/Libs/libpng-1.6.23 -O3 -I/z/lander/libs/SDL2-2.0.4-prebuilt/i686-w64-mingw32/include/SDL2 -Dmain=SDL_main  -L/z/lander/libs/SDL2-2.0.4-prebuilt/i686-w64-mingw32/lib -L/z/lander/libs/libpng-1.6.23/ -static -s conftest.c -lmingw32 -lSDL2main -lSDL2 -lm -ldinput8 -ldxguid -ldxerr8 -luser32 -lgdi32 -lwinmm -limm32 -lole32 -loleaut32 -lshell32 -lversion -luuid -L/z/lander/libs/SDL2-2.0.4-prebuilt/i686-w64-mingw32/lib -lmingw32 -lSDL2main -lSDL2 -mwindows >&5
configure:12440: $? = 0
configure:12440: ./conftest.exe
configure:12440: $? = 0
configure:12455: result: yes
configure:12653: checking for ImageIO support
configure:12655: result: 
configure:12659: checking jpeglib.h usability
configure:12659: gcc -c -I/z/Lander/Libs/libpng-1.6.23 -O3 -I/z/lander/libs/SDL2-2.0.4-prebuilt/i686-w64-mingw32/include/SDL2 -Dmain=SDL_main  conftest.c >&5
conftest.c:55:21: fatal error: jpeglib.h: No such file or directory
compilation terminated.
configure:12659: $? = 1
configure: failed program was:
| /* confdefs.h */
| #define PACKAGE_NAME ""
| #define PACKAGE_TARNAME ""
| #define PACKAGE_VERSION ""
| #define PACKAGE_STRING ""
| #define PACKAGE_BUGREPORT ""
| #define PACKAGE_URL ""
| #define STDC_HEADERS 1
| #define HAVE_SYS_TYPES_H 1
| #define HAVE_SYS_STAT_H 1
| #define HAVE_STDLIB_H 1
| #define HAVE_STRING_H 1
| #define HAVE_MEMORY_H 1
| #define HAVE_STRINGS_H 1
| #define HAVE_INTTYPES_H 1
| #define HAVE_STDINT_H 1
| #define HAVE_UNISTD_H 1
| #define LT_OBJDIR ".libs/"
| #define PACKAGE "SDL2_image"
| #define VERSION "2.0.1"
| /* end confdefs.h.  */
| #include <stdio.h>
| #ifdef HAVE_SYS_TYPES_H
| # include <sys/types.h>
| #endif
| #ifdef HAVE_SYS_STAT_H
| # include <sys/stat.h>
| #endif
| #ifdef STDC_HEADERS
| # include <stdlib.h>
| # include <stddef.h>
| #else
| # ifdef HAVE_STDLIB_H
| #  include <stdlib.h>
| # endif
| #endif
| #ifdef HAVE_STRING_H
| # if !defined STDC_HEADERS && defined HAVE_MEMORY_H
| #  include <memory.h>
| # endif
| # include <string.h>
| #endif
| #ifdef HAVE_STRINGS_H
| # include <strings.h>
| #endif
| #ifdef HAVE_INTTYPES_H
| # include <inttypes.h>
| #endif
| #ifdef HAVE_STDINT_H
| # include <stdint.h>
| #endif
| #ifdef HAVE_UNISTD_H
| # include <unistd.h>
| #endif
| #include <jpeglib.h>
configure:12659: result: no
configure:12659: checking jpeglib.h presence
configure:12659: gcc -E  conftest.c
conftest.c:22:21: fatal error: jpeglib.h: No such file or directory
compilation terminated.
configure:12659: $? = 1
configure: failed program was:
| /* confdefs.h */
| #define PACKAGE_NAME ""
| #define PACKAGE_TARNAME ""
| #define PACKAGE_VERSION ""
| #define PACKAGE_STRING ""
| #define PACKAGE_BUGREPORT ""
| #define PACKAGE_URL ""
| #define STDC_HEADERS 1
| #define HAVE_SYS_TYPES_H 1
| #define HAVE_SYS_STAT_H 1
| #define HAVE_STDLIB_H 1
| #define HAVE_STRING_H 1
| #define HAVE_MEMORY_H 1
| #define HAVE_STRINGS_H 1
| #define HAVE_INTTYPES_H 1
| #define HAVE_STDINT_H 1
| #define HAVE_UNISTD_H 1
| #define LT_OBJDIR ".libs/"
| #define PACKAGE "SDL2_image"
| #define VERSION "2.0.1"
| /* end confdefs.h.  */
| #include <jpeglib.h>
configure:12659: result: no
configure:12659: checking for jpeglib.h
configure:12659: result: no
configure:12665: checking for jpeg_CreateDecompress in -ljpeg
configure:12690: gcc -o conftest.exe -I/z/Lander/Libs/libpng-1.6.23 -O3 -I/z/lander/libs/SDL2-2.0.4-prebuilt/i686-w64-mingw32/include/SDL2 -Dmain=SDL_main  -L/z/lander/libs/SDL2-2.0.4-prebuilt/i686-w64-mingw32/lib -L/z/lander/libs/libpng-1.6.23/ -static -s conftest.c -ljpeg  -lmingw32 -lSDL2main -lSDL2 -lm -ldinput8 -ldxguid -ldxerr8 -luser32 -lgdi32 -lwinmm -limm32 -lole32 -loleaut32 -lshell32 -lversion -luuid -L/z/lander/libs/SDL2-2.0.4-prebuilt/i686-w64-mingw32/lib -lmingw32 -lSDL2main -lSDL2 -mwindows >&5
z:/Lander/MinGW-w64/bin/../lib/gcc/i686-w64-mingw32/5.3.0/../../../../i686-w64-mingw32/bin/ld.exe: cannot find -ljpeg
collect2.exe: error: ld returned 1 exit status
configure:12690: $? = 1
configure: failed program was:
| /* confdefs.h */
| #define PACKAGE_NAME ""
| #define PACKAGE_TARNAME ""
| #define PACKAGE_VERSION ""
| #define PACKAGE_STRING ""
| #define PACKAGE_BUGREPORT ""
| #define PACKAGE_URL ""
| #define STDC_HEADERS 1
| #define HAVE_SYS_TYPES_H 1
| #define HAVE_SYS_STAT_H 1
| #define HAVE_STDLIB_H 1
| #define HAVE_STRING_H 1
| #define HAVE_MEMORY_H 1
| #define HAVE_STRINGS_H 1
| #define HAVE_INTTYPES_H 1
| #define HAVE_STDINT_H 1
| #define HAVE_UNISTD_H 1
| #define LT_OBJDIR ".libs/"
| #define PACKAGE "SDL2_image"
| #define VERSION "2.0.1"
| /* end confdefs.h.  */
| 
| /* Override any GCC internal prototype to avoid an error.
|    Use char because int might match the return type of a GCC
|    builtin and then its argument prototype would still apply.  */
| #ifdef __cplusplus
| extern "C"
| #endif
| char jpeg_CreateDecompress ();
| int
| main ()
| {
| return jpeg_CreateDecompress ();
|   ;
|   return 0;
| }
configure:12699: result: no
configure:12727: WARNING: *** Unable to find JPEG library (http://www.ijg.org/)
configure:12729: WARNING: JPG image loading disabled
configure:12737: checking for LIBPNG
configure:12844: checking png.h usability
configure:12844: gcc -c -I/z/Lander/Libs/libpng-1.6.23 -O3 -I/z/lander/libs/SDL2-2.0.4-prebuilt/i686-w64-mingw32/include/SDL2 -Dmain=SDL_main  conftest.c >&5
configure:12844: $? = 0
configure:12844: result: yes
configure:12844: checking png.h presence
configure:12844: gcc -E  conftest.c
conftest.c:22:17: fatal error: png.h: No such file or directory
compilation terminated.
configure:12844: $? = 1
configure: failed program was:
| /* confdefs.h */
| #define PACKAGE_NAME ""
| #define PACKAGE_TARNAME ""
| #define PACKAGE_VERSION ""
| #define PACKAGE_STRING ""
| #define PACKAGE_BUGREPORT ""
| #define PACKAGE_URL ""
| #define STDC_HEADERS 1
| #define HAVE_SYS_TYPES_H 1
| #define HAVE_SYS_STAT_H 1
| #define HAVE_STDLIB_H 1
| #define HAVE_STRING_H 1
| #define HAVE_MEMORY_H 1
| #define HAVE_STRINGS_H 1
| #define HAVE_INTTYPES_H 1
| #define HAVE_STDINT_H 1
| #define HAVE_UNISTD_H 1
| #define LT_OBJDIR ".libs/"
| #define PACKAGE "SDL2_image"
| #define VERSION "2.0.1"
| /* end confdefs.h.  */
| #include <png.h>
configure:12844: result: no
configure:12844: WARNING: png.h: accepted by the compiler, rejected by the preprocessor!
configure:12844: WARNING: png.h: proceeding with the compiler's result
configure:12844: checking for png.h
configure:12844: result: yes
configure:12850: checking for png_create_read_struct in -lpng
configure:12875: gcc -o conftest.exe -I/z/Lander/Libs/libpng-1.6.23 -O3 -I/z/lander/libs/SDL2-2.0.4-prebuilt/i686-w64-mingw32/include/SDL2 -Dmain=SDL_main  -L/z/lander/libs/SDL2-2.0.4-prebuilt/i686-w64-mingw32/lib -L/z/lander/libs/libpng-1.6.23/ -static -s conftest.c -lpng -lz -lmingw32 -lSDL2main -lSDL2 -lm -ldinput8 -ldxguid -ldxerr8 -luser32 -lgdi32 -lwinmm -limm32 -lole32 -loleaut32 -lshell32 -lversion -luuid -L/z/lander/libs/SDL2-2.0.4-prebuilt/i686-w64-mingw32/lib -lmingw32 -lSDL2main -lSDL2 -mwindows >&5
configure:12875: $? = 0
configure:12884: result: yes
configure:12928: checking tiffio.h usability
configure:12928: gcc -c -I/z/Lander/Libs/libpng-1.6.23 -O3 -I/z/lander/libs/SDL2-2.0.4-prebuilt/i686-w64-mingw32/include/SDL2 -Dmain=SDL_main  conftest.c >&5
conftest.c:56:20: fatal error: tiffio.h: No such file or directory
compilation terminated.
configure:12928: $? = 1
configure: failed program was:
| /* confdefs.h */
| #define PACKAGE_NAME ""
| #define PACKAGE_TARNAME ""
| #define PACKAGE_VERSION ""
| #define PACKAGE_STRING ""
| #define PACKAGE_BUGREPORT ""
| #define PACKAGE_URL ""
| #define STDC_HEADERS 1
| #define HAVE_SYS_TYPES_H 1
| #define HAVE_SYS_STAT_H 1
| #define HAVE_STDLIB_H 1
| #define HAVE_STRING_H 1
| #define HAVE_MEMORY_H 1
| #define HAVE_STRINGS_H 1
| #define HAVE_INTTYPES_H 1
| #define HAVE_STDINT_H 1
| #define HAVE_UNISTD_H 1
| #define LT_OBJDIR ".libs/"
| #define PACKAGE "SDL2_image"
| #define VERSION "2.0.1"
| #define LOAD_PNG 1
| /* end confdefs.h.  */
| #include <stdio.h>
| #ifdef HAVE_SYS_TYPES_H
| # include <sys/types.h>
| #endif
| #ifdef HAVE_SYS_STAT_H
| # include <sys/stat.h>
| #endif
| #ifdef STDC_HEADERS
| # include <stdlib.h>
| # include <stddef.h>
| #else
| # ifdef HAVE_STDLIB_H
| #  include <stdlib.h>
| # endif
| #endif
| #ifdef HAVE_STRING_H
| # if !defined STDC_HEADERS && defined HAVE_MEMORY_H
| #  include <memory.h>
| # endif
| # include <string.h>
| #endif
| #ifdef HAVE_STRINGS_H
| # include <strings.h>
| #endif
| #ifdef HAVE_INTTYPES_H
| # include <inttypes.h>
| #endif
| #ifdef HAVE_STDINT_H
| # include <stdint.h>
| #endif
| #ifdef HAVE_UNISTD_H
| # include <unistd.h>
| #endif
| #include <tiffio.h>
configure:12928: result: no
configure:12928: checking tiffio.h presence
configure:12928: gcc -E  conftest.c
conftest.c:23:20: fatal error: tiffio.h: No such file or directory
compilation terminated.
configure:12928: $? = 1
configure: failed program was:
| /* confdefs.h */
| #define PACKAGE_NAME ""
| #define PACKAGE_TARNAME ""
| #define PACKAGE_VERSION ""
| #define PACKAGE_STRING ""
| #define PACKAGE_BUGREPORT ""
| #define PACKAGE_URL ""
| #define STDC_HEADERS 1
| #define HAVE_SYS_TYPES_H 1
| #define HAVE_SYS_STAT_H 1
| #define HAVE_STDLIB_H 1
| #define HAVE_STRING_H 1
| #define HAVE_MEMORY_H 1
| #define HAVE_STRINGS_H 1
| #define HAVE_INTTYPES_H 1
| #define HAVE_STDINT_H 1
| #define HAVE_UNISTD_H 1
| #define LT_OBJDIR ".libs/"
| #define PACKAGE "SDL2_image"
| #define VERSION "2.0.1"
| #define LOAD_PNG 1
| /* end confdefs.h.  */
| #include <tiffio.h>
configure:12928: result: no
configure:12928: checking for tiffio.h
configure:12928: result: no
configure:12934: checking for TIFFClientOpen in -ltiff
configure:12959: gcc -o conftest.exe -I/z/Lander/Libs/libpng-1.6.23 -O3 -I/z/lander/libs/SDL2-2.0.4-prebuilt/i686-w64-mingw32/include/SDL2 -Dmain=SDL_main  -L/z/lander/libs/SDL2-2.0.4-prebuilt/i686-w64-mingw32/lib -L/z/lander/libs/libpng-1.6.23/ -static -s conftest.c -ltiff -lz -lmingw32 -lSDL2main -lSDL2 -lm -ldinput8 -ldxguid -ldxerr8 -luser32 -lgdi32 -lwinmm -limm32 -lole32 -loleaut32 -lshell32 -lversion -luuid -L/z/lander/libs/SDL2-2.0.4-prebuilt/i686-w64-mingw32/lib -lmingw32 -lSDL2main -lSDL2 -mwindows >&5
z:/Lander/MinGW-w64/bin/../lib/gcc/i686-w64-mingw32/5.3.0/../../../../i686-w64-mingw32/bin/ld.exe: cannot find -ltiff
collect2.exe: error: ld returned 1 exit status
configure:12959: $? = 1
configure: failed program was:
| /* confdefs.h */
| #define PACKAGE_NAME ""
| #define PACKAGE_TARNAME ""
| #define PACKAGE_VERSION ""
| #define PACKAGE_STRING ""
| #define PACKAGE_BUGREPORT ""
| #define PACKAGE_URL ""
| #define STDC_HEADERS 1
| #define HAVE_SYS_TYPES_H 1
| #define HAVE_SYS_STAT_H 1
| #define HAVE_STDLIB_H 1
| #define HAVE_STRING_H 1
| #define HAVE_MEMORY_H 1
| #define HAVE_STRINGS_H 1
| #define HAVE_INTTYPES_H 1
| #define HAVE_STDINT_H 1
| #define HAVE_UNISTD_H 1
| #define LT_OBJDIR ".libs/"
| #define PACKAGE "SDL2_image"
| #define VERSION "2.0.1"
| #define LOAD_PNG 1
| /* end confdefs.h.  */
| 
| /* Override any GCC internal prototype to avoid an error.
|    Use char because int might match the return type of a GCC
|    builtin and then its argument prototype would still apply.  */
| #ifdef __cplusplus
| extern "C"
| #endif
| char TIFFClientOpen ();
| int
| main ()
| {
| return TIFFClientOpen ();
|   ;
|   return 0;
| }
configure:12968: result: no
configure:12993: WARNING: *** Unable to find Tiff library (http://www.remotesensing.org/libtiff/)
configure:12995: WARNING: TIF image loading disabled
configure:13003: checking for LIBWEBP
configure:13110: checking webp/decode.h usability
configure:13110: gcc -c -I/z/Lander/Libs/libpng-1.6.23 -O3 -I/z/lander/libs/SDL2-2.0.4-prebuilt/i686-w64-mingw32/include/SDL2 -Dmain=SDL_main  conftest.c >&5
conftest.c:56:25: fatal error: webp/decode.h: No such file or directory
compilation terminated.
configure:13110: $? = 1
configure: failed program was:
| /* confdefs.h */
| #define PACKAGE_NAME ""
| #define PACKAGE_TARNAME ""
| #define PACKAGE_VERSION ""
| #define PACKAGE_STRING ""
| #define PACKAGE_BUGREPORT ""
| #define PACKAGE_URL ""
| #define STDC_HEADERS 1
| #define HAVE_SYS_TYPES_H 1
| #define HAVE_SYS_STAT_H 1
| #define HAVE_STDLIB_H 1
| #define HAVE_STRING_H 1
| #define HAVE_MEMORY_H 1
| #define HAVE_STRINGS_H 1
| #define HAVE_INTTYPES_H 1
| #define HAVE_STDINT_H 1
| #define HAVE_UNISTD_H 1
| #define LT_OBJDIR ".libs/"
| #define PACKAGE "SDL2_image"
| #define VERSION "2.0.1"
| #define LOAD_PNG 1
| /* end confdefs.h.  */
| #include <stdio.h>
| #ifdef HAVE_SYS_TYPES_H
| # include <sys/types.h>
| #endif
| #ifdef HAVE_SYS_STAT_H
| # include <sys/stat.h>
| #endif
| #ifdef STDC_HEADERS
| # include <stdlib.h>
| # include <stddef.h>
| #else
| # ifdef HAVE_STDLIB_H
| #  include <stdlib.h>
| # endif
| #endif
| #ifdef HAVE_STRING_H
| # if !defined STDC_HEADERS && defined HAVE_MEMORY_H
| #  include <memory.h>
| # endif
| # include <string.h>
| #endif
| #ifdef HAVE_STRINGS_H
| # include <strings.h>
| #endif
| #ifdef HAVE_INTTYPES_H
| # include <inttypes.h>
| #endif
| #ifdef HAVE_STDINT_H
| # include <stdint.h>
| #endif
| #ifdef HAVE_UNISTD_H
| # include <unistd.h>
| #endif
| #include <webp/decode.h>
configure:13110: result: no
configure:13110: checking webp/decode.h presence
configure:13110: gcc -E  conftest.c
conftest.c:23:25: fatal error: webp/decode.h: No such file or directory
compilation terminated.
configure:13110: $? = 1
configure: failed program was:
| /* confdefs.h */
| #define PACKAGE_NAME ""
| #define PACKAGE_TARNAME ""
| #define PACKAGE_VERSION ""
| #define PACKAGE_STRING ""
| #define PACKAGE_BUGREPORT ""
| #define PACKAGE_URL ""
| #define STDC_HEADERS 1
| #define HAVE_SYS_TYPES_H 1
| #define HAVE_SYS_STAT_H 1
| #define HAVE_STDLIB_H 1
| #define HAVE_STRING_H 1
| #define HAVE_MEMORY_H 1
| #define HAVE_STRINGS_H 1
| #define HAVE_INTTYPES_H 1
| #define HAVE_STDINT_H 1
| #define HAVE_UNISTD_H 1
| #define LT_OBJDIR ".libs/"
| #define PACKAGE "SDL2_image"
| #define VERSION "2.0.1"
| #define LOAD_PNG 1
| /* end confdefs.h.  */
| #include <webp/decode.h>
configure:13110: result: no
configure:13110: checking for webp/decode.h
configure:13110: result: no
configure:13116: checking for WebPGetDecoderVersion in -lwebp
configure:13141: gcc -o conftest.exe -I/z/Lander/Libs/libpng-1.6.23 -O3 -I/z/lander/libs/SDL2-2.0.4-prebuilt/i686-w64-mingw32/include/SDL2 -Dmain=SDL_main  -L/z/lander/libs/SDL2-2.0.4-prebuilt/i686-w64-mingw32/lib -L/z/lander/libs/libpng-1.6.23/ -static -s conftest.c -lwebp -lm -lmingw32 -lSDL2main -lSDL2 -lm -ldinput8 -ldxguid -ldxerr8 -luser32 -lgdi32 -lwinmm -limm32 -lole32 -loleaut32 -lshell32 -lversion -luuid -L/z/lander/libs/SDL2-2.0.4-prebuilt/i686-w64-mingw32/lib -lmingw32 -lSDL2main -lSDL2 -mwindows >&5
z:/Lander/MinGW-w64/bin/../lib/gcc/i686-w64-mingw32/5.3.0/../../../../i686-w64-mingw32/bin/ld.exe: cannot find -lwebp
collect2.exe: error: ld returned 1 exit status
configure:13141: $? = 1
configure: failed program was:
| /* confdefs.h */
| #define PACKAGE_NAME ""
| #define PACKAGE_TARNAME ""
| #define PACKAGE_VERSION ""
| #define PACKAGE_STRING ""
| #define PACKAGE_BUGREPORT ""
| #define PACKAGE_URL ""
| #define STDC_HEADERS 1
| #define HAVE_SYS_TYPES_H 1
| #define HAVE_SYS_STAT_H 1
| #define HAVE_STDLIB_H 1
| #define HAVE_STRING_H 1
| #define HAVE_MEMORY_H 1
| #define HAVE_STRINGS_H 1
| #define HAVE_INTTYPES_H 1
| #define HAVE_STDINT_H 1
| #define HAVE_UNISTD_H 1
| #define LT_OBJDIR ".libs/"
| #define PACKAGE "SDL2_image"
| #define VERSION "2.0.1"
| #define LOAD_PNG 1
| /* end confdefs.h.  */
| 
| /* Override any GCC internal prototype to avoid an error.
|    Use char because int might match the return type of a GCC
|    builtin and then its argument prototype would still apply.  */
| #ifdef __cplusplus
| extern "C"
| #endif
| char WebPGetDecoderVersion ();
| int
| main ()
| {
| return WebPGetDecoderVersion ();
|   ;
|   return 0;
| }
configure:13150: result: no
configure:13186: WARNING: *** Unable to find WEBP library (http://code.google.com/intl/en-US/speed/webp/index.html)
configure:13188: WARNING: WEBP Pimage loading disabled
configure:13443: checking that generated files are newer than configure
configure:13449: result: done
configure:13484: creating ./config.status

## ---------------------- ##
## Running config.status. ##
## ---------------------- ##

This file was extended by config.status, which was
generated by GNU Autoconf 2.69.  Invocation command line was

  CONFIG_FILES    = 
  CONFIG_HEADERS  = 
  CONFIG_LINKS    = 
  CONFIG_COMMANDS = 
  $ ./config.status 

on HolyBlackCat-PC

config.status:1037: creating Makefile
config.status:1037: creating SDL2_image.spec
config.status:1037: creating SDL2_image.pc
config.status:1209: executing libtool commands
config.status:1209: executing depfiles commands

## ---------------- ##
## Cache variables. ##
## ---------------- ##

ac_cv_build=i686-pc-mingw32
ac_cv_c_compiler_gnu=yes
ac_cv_c_inline=inline
ac_cv_env_CC_set=
ac_cv_env_CC_value=
ac_cv_env_CFLAGS_set=set
ac_cv_env_CFLAGS_value='-I/z/Lander/Libs/libpng-1.6.23 -O3'
ac_cv_env_CPPFLAGS_set=
ac_cv_env_CPPFLAGS_value=
ac_cv_env_CPP_set=
ac_cv_env_CPP_value=
ac_cv_env_LDFLAGS_set=set
ac_cv_env_LDFLAGS_value='-L/z/lander/libs/SDL2-2.0.4-prebuilt/i686-w64-mingw32/lib -L/z/lander/libs/libpng-1.6.23/ -static -s'
ac_cv_env_LIBPNG_CFLAGS_set=
ac_cv_env_LIBPNG_CFLAGS_value=
ac_cv_env_LIBPNG_LIBS_set=
ac_cv_env_LIBPNG_LIBS_value=
ac_cv_env_LIBS_set=set
ac_cv_env_LIBS_value='-lmingw32 -lSDL2main -lSDL2 -lm -ldinput8 -ldxguid -ldxerr8 -luser32 -lgdi32 -lwinmm -limm32 -lole32 -loleaut32 -lshell32 -lversion -luuid'
ac_cv_env_LIBWEBP_CFLAGS_set=
ac_cv_env_LIBWEBP_CFLAGS_value=
ac_cv_env_LIBWEBP_LIBS_set=
ac_cv_env_LIBWEBP_LIBS_value=
ac_cv_env_OBJCFLAGS_set=
ac_cv_env_OBJCFLAGS_value=
ac_cv_env_OBJC_set=
ac_cv_env_OBJC_value=
ac_cv_env_PKG_CONFIG_set=
ac_cv_env_PKG_CONFIG_value=
ac_cv_env_SDL_CFLAGS_set=
ac_cv_env_SDL_CFLAGS_value=
ac_cv_env_SDL_LIBS_set=
ac_cv_env_SDL_LIBS_value=
ac_cv_env_build_alias_set=
ac_cv_env_build_alias_value=
ac_cv_env_host_alias_set=
ac_cv_env_host_alias_value=
ac_cv_env_target_alias_set=
ac_cv_env_target_alias_value=
ac_cv_exeext=.exe
ac_cv_header_dlfcn_h=no
ac_cv_header_inttypes_h=yes
ac_cv_header_jpeglib_h=no
ac_cv_header_memory_h=yes
ac_cv_header_png_h=yes
ac_cv_header_stdc=yes
ac_cv_header_stdint_h=yes
ac_cv_header_stdlib_h=yes
ac_cv_header_string_h=yes
ac_cv_header_strings_h=yes
ac_cv_header_sys_stat_h=yes
ac_cv_header_sys_types_h=yes
ac_cv_header_tiffio_h=no
ac_cv_header_unistd_h=yes
ac_cv_header_webp_decode_h=no
ac_cv_host=i686-pc-mingw32
ac_cv_lib_jpeg_jpeg_CreateDecompress=no
ac_cv_lib_png_png_create_read_struct=yes
ac_cv_lib_tiff_TIFFClientOpen=no
ac_cv_lib_webp_WebPGetDecoderVersion=no
ac_cv_objc_compiler_gnu=no
ac_cv_objext=o
ac_cv_path_EGREP='/bin/grep -E'
ac_cv_path_FGREP='/bin/grep -F'
ac_cv_path_GREP=/bin/grep
ac_cv_path_SDL2_CONFIG=/z/lander/libs/SDL2-2.0.4-prebuilt/i686-w64-mingw32/bin/sdl2-config
ac_cv_path_SED=/bin/sed
ac_cv_path_install='/bin/install -c'
ac_cv_path_mkdir=/bin/mkdir
ac_cv_prog_AWK=gawk
ac_cv_prog_CPP='gcc -E'
ac_cv_prog_WINDRES=windres
ac_cv_prog_ac_ct_AR=ar
ac_cv_prog_ac_ct_AS=as
ac_cv_prog_ac_ct_CC=gcc
ac_cv_prog_ac_ct_DLLTOOL=dlltool
ac_cv_prog_ac_ct_OBJC=gcc
ac_cv_prog_ac_ct_OBJDUMP=objdump
ac_cv_prog_ac_ct_RANLIB=ranlib
ac_cv_prog_ac_ct_STRIP=strip
ac_cv_prog_cc_c89=
ac_cv_prog_cc_g=yes
ac_cv_prog_make_make_set=yes
ac_cv_prog_objc_g=no
am_cv_CC_dependencies_compiler_type=gcc3
am_cv_OBJC_dependencies_compiler_type=gcc3
am_cv_make_support_nested_variables=yes
lt_cv_deplibs_check_method=pass_all
lt_cv_file_magic_cmd=func_win32_libid
lt_cv_file_magic_test_file=
lt_cv_ld_reload_flag=-r
lt_cv_nm_interface='BSD nm'
lt_cv_objdir=.libs
lt_cv_path_LD=z:/Lander/MinGW-w64/i686-w64-mingw32/bin/ld.exe
lt_cv_path_NM='/z/Lander/MinGW-w64/bin/nm -B'
lt_cv_prog_compiler_c_o=yes
lt_cv_prog_compiler_pic_works=yes
lt_cv_prog_compiler_rtti_exceptions=no
lt_cv_prog_compiler_static_works=yes
lt_cv_prog_gnu_ld=yes
lt_cv_sys_global_symbol_pipe='sed -n -e '\''s/^.*[	 ]\([ABCDGIRSTW][ABCDGIRSTW]*\)[	 ][	 ]*_\([_A-Za-z][_A-Za-z0-9]*\)\{0,1\}$/\1 _\2 \2/p'\'''
lt_cv_sys_global_symbol_to_c_name_address='sed -n -e '\''s/^: \([^ ]*\) $/  {\"\1\", (void *) 0},/p'\'' -e '\''s/^[ABCDGIRSTW]* \([^ ]*\) \([^ ]*\)$/  {"\2", (void *) \&\2},/p'\'''
lt_cv_sys_global_symbol_to_c_name_address_lib_prefix='sed -n -e '\''s/^: \([^ ]*\) $/  {\"\1\", (void *) 0},/p'\'' -e '\''s/^[ABCDGIRSTW]* \([^ ]*\) \(lib[^ ]*\)$/  {"\2", (void *) \&\2},/p'\'' -e '\''s/^[ABCDGIRSTW]* \([^ ]*\) \([^ ]*\)$/  {"lib\2", (void *) \&\2},/p'\'''
lt_cv_sys_global_symbol_to_cdecl='sed -n -e '\''s/^T .* \(.*\)$/extern int \1();/p'\'' -e '\''s/^[ABCDGIRSTW]* .* \(.*\)$/extern char \1;/p'\'''
lt_cv_sys_max_cmd_len=8192

## ----------------- ##
## Output variables. ##
## ----------------- ##

ACLOCAL='${SHELL} /z/Lander/Libs/SDL2_image-2.0.1/missing aclocal-1.13'
AMDEPBACKSLASH='\'
AMDEP_FALSE='#'
AMDEP_TRUE=''
AMTAR='$${TAR-tar}'
AM_BACKSLASH='\'
AM_DEFAULT_V='$(AM_DEFAULT_VERBOSITY)'
AM_DEFAULT_VERBOSITY='1'
AM_V='$(V)'
AR='ar'
AS='as'
AUTOCONF='${SHELL} /z/Lander/Libs/SDL2_image-2.0.1/missing autoconf'
AUTOHEADER='${SHELL} /z/Lander/Libs/SDL2_image-2.0.1/missing autoheader'
AUTOMAKE='${SHELL} /z/Lander/Libs/SDL2_image-2.0.1/missing automake-1.13'
AWK='gawk'
BINARY_AGE='1'
CC='gcc'
CCDEPMODE='depmode=gcc3'
CFLAGS='-I/z/Lander/Libs/libpng-1.6.23 -O3 -I/z/lander/libs/SDL2-2.0.4-prebuilt/i686-w64-mingw32/include/SDL2 -Dmain=SDL_main'
CPP='gcc -E'
CPPFLAGS=''
CYGPATH_W='echo'
DEFS='-DPACKAGE_NAME=\"\" -DPACKAGE_TARNAME=\"\" -DPACKAGE_VERSION=\"\" -DPACKAGE_STRING=\"\" -DPACKAGE_BUGREPORT=\"\" -DPACKAGE_URL=\"\" -DSTDC_HEADERS=1 -DHAVE_SYS_TYPES_H=1 -DHAVE_SYS_STAT_H=1 -DHAVE_STDLIB_H=1 -DHAVE_STRING_H=1 -DHAVE_MEMORY_H=1 -DHAVE_STRINGS_H=1 -DHAVE_INTTYPES_H=1 -DHAVE_STDINT_H=1 -DHAVE_UNISTD_H=1 -DLT_OBJDIR=\".libs/\" -DPACKAGE=\"SDL2_image\" -DVERSION=\"2.0.1\" -DLOAD_PNG=1 -DLOAD_BMP=1 -DLOAD_GIF=1 -DLOAD_LBM=1 -DLOAD_PCX=1 -DLOAD_PNM=1 -DLOAD_TGA=1 -DLOAD_XCF=1 -DLOAD_XPM=1 -DLOAD_XV=1'
DEPDIR='.deps'
DLLTOOL='dlltool'
DSYMUTIL=''
DUMPBIN=''
ECHO_C=''
ECHO_N='-n'
ECHO_T=''
EGREP='/bin/grep -E'
EXEEXT='.exe'
FGREP='/bin/grep -F'
GREP='/bin/grep'
IMG_LIBS='-lpng -lz '
INSTALL_DATA='${INSTALL} -m 644'
INSTALL_PROGRAM='${INSTALL}'
INSTALL_SCRIPT='${INSTALL}'
INSTALL_STRIP_PROGRAM='$(install_sh) -c -s'
INTERFACE_AGE='1'
LD='z:/Lander/MinGW-w64/i686-w64-mingw32/bin/ld.exe'
LDFLAGS='-L/z/lander/libs/SDL2-2.0.4-prebuilt/i686-w64-mingw32/lib -L/z/lander/libs/libpng-1.6.23/ -static -s'
LIBOBJS=''
LIBPNG_CFLAGS=''
LIBPNG_LIBS=''
LIBS='-lmingw32 -lSDL2main -lSDL2 -lm -ldinput8 -ldxguid -ldxerr8 -luser32 -lgdi32 -lwinmm -limm32 -lole32 -loleaut32 -lshell32 -lversion -luuid -L/z/lander/libs/SDL2-2.0.4-prebuilt/i686-w64-mingw32/lib -lmingw32 -lSDL2main -lSDL2 -mwindows'
LIBTOOL='$(SHELL) $(top_builddir)/libtool'
LIBWEBP_CFLAGS=''
LIBWEBP_LIBS=''
LIPO=''
LN_S='cp -pR'
LTLIBOBJS=''
LT_AGE='0'
LT_CURRENT='0'
LT_RELEASE='2.0'
LT_REVISION='1'
MAJOR_VERSION='2'
MAKEINFO='${SHELL} /z/Lander/Libs/SDL2_image-2.0.1/missing makeinfo'
MICRO_VERSION='1'
MINOR_VERSION='0'
MKDIR_P='/bin/mkdir -p'
NM='/z/Lander/MinGW-w64/bin/nm -B'
NMEDIT=''
OBJC='gcc'
OBJCDEPMODE='depmode=gcc3'
OBJCFLAGS='-I/z/Lander/Libs/libpng-1.6.23 -O3 -I/z/lander/libs/SDL2-2.0.4-prebuilt/i686-w64-mingw32/include/SDL2 -Dmain=SDL_main'
OBJDUMP='objdump'
OBJEXT='o'
OTOOL64=''
OTOOL=''
PACKAGE='SDL2_image'
PACKAGE_BUGREPORT=''
PACKAGE_NAME=''
PACKAGE_STRING=''
PACKAGE_TARNAME=''
PACKAGE_URL=''
PACKAGE_VERSION=''
PATH_SEPARATOR=':'
PKG_CONFIG=''
RANLIB='ranlib'
SDL2_CONFIG='/z/lander/libs/SDL2-2.0.4-prebuilt/i686-w64-mingw32/bin/sdl2-config'
SDL_CFLAGS='-I/z/lander/libs/SDL2-2.0.4-prebuilt/i686-w64-mingw32/include/SDL2 -Dmain=SDL_main'
SDL_LIBS='-L/z/lander/libs/SDL2-2.0.4-prebuilt/i686-w64-mingw32/lib -lmingw32 -lSDL2main -lSDL2 -mwindows'
SDL_VERSION='2.0.0'
SED='/bin/sed'
SET_MAKE=''
SHELL='/bin/sh'
STRIP='strip'
USE_IMAGEIO_FALSE=''
USE_IMAGEIO_TRUE='#'
USE_VERSION_RC_FALSE='#'
USE_VERSION_RC_TRUE=''
VERSION='2.0.1'
WINDRES='windres'
ac_ct_CC='gcc'
ac_ct_DUMPBIN=''
ac_ct_OBJC='gcc'
am__EXEEXT_FALSE='#'
am__EXEEXT_TRUE=''
am__fastdepCC_FALSE='#'
am__fastdepCC_TRUE=''
am__fastdepOBJC_FALSE='#'
am__fastdepOBJC_TRUE=''
am__include='include'
am__isrc=''
am__leading_dot='.'
am__nodep='_no'
am__quote=''
am__tar='$${TAR-tar} chof - "$$tardir"'
am__untar='$${TAR-tar} xf -'
bindir='${exec_prefix}/bin'
build='i686-pc-mingw32'
build_alias=''
build_cpu='i686'
build_os='mingw32'
build_vendor='pc'
datadir='${datarootdir}'
datarootdir='${prefix}/share'
docdir='${datarootdir}/doc/${PACKAGE}'
dvidir='${docdir}'
exec_prefix='${prefix}'
host='i686-pc-mingw32'
host_alias=''
host_cpu='i686'
host_os='mingw32'
host_vendor='pc'
htmldir='${docdir}'
includedir='${prefix}/include'
infodir='${datarootdir}/info'
install_sh='${SHELL} /z/Lander/Libs/SDL2_image-2.0.1/install-sh'
libdir='${exec_prefix}/lib'
libexecdir='${exec_prefix}/libexec'
localedir='${datarootdir}/locale'
localstatedir='${prefix}/var'
lt_ECHO='echo'
mandir='${datarootdir}/man'
mkdir_p='$(MKDIR_P)'
oldincludedir='/usr/include'
pdfdir='${docdir}'
prefix='/usr/local'
program_transform_name='s,x,x,'
psdir='${docdir}'
sbindir='${exec_prefix}/sbin'
sharedstatedir='${prefix}/com'
sysconfdir='${prefix}/etc'
target_alias=''

## ----------- ##
## confdefs.h. ##
## ----------- ##

/* confdefs.h */
#define PACKAGE_NAME ""
#define PACKAGE_TARNAME ""
#define PACKAGE_VERSION ""
#define PACKAGE_STRING ""
#define PACKAGE_BUGREPORT ""
#define PACKAGE_URL ""
#define STDC_HEADERS 1
#define HAVE_SYS_TYPES_H 1
#define HAVE_SYS_STAT_H 1
#define HAVE_STDLIB_H 1
#define HAVE_STRING_H 1
#define HAVE_MEMORY_H 1
#define HAVE_STRINGS_H 1
#define HAVE_INTTYPES_H 1
#define HAVE_STDINT_H 1
#define HAVE_UNISTD_H 1
#define LT_OBJDIR ".libs/"
#define PACKAGE "SDL2_image"
#define VERSION "2.0.1"
#define LOAD_PNG 1
#define LOAD_BMP 1
#define LOAD_GIF 1
#define LOAD_LBM 1
#define LOAD_PCX 1
#define LOAD_PNM 1
#define LOAD_TGA 1
#define LOAD_XCF 1
#define LOAD_XPM 1
#define LOAD_XV 1

configure: exit 0
